<?xml version="1.0" encoding="UTF-8"?>
<!-- Generated by org.testng.reporters.JUnitReportReporter -->
<testsuite skipped="0" hostname="WKWIN6900800" name="TestListenerClass" tests="1" failures="0" timestamp="09 Jun 2019 15:41:52 GMT" time="12.265" errors="0">
  <testcase name="ITestListner" time="12.265" classname="TestListenerClass"/>
</testsuite> <!-- TestListenerClass -->
