<?xml version="1.0" encoding="UTF-8"?>
<!-- Generated by org.testng.reporters.JUnitReportReporter -->
<testsuite skipped="0" hostname="WKWIN6900800" name="testNG.HardAssert" tests="1" failures="0" timestamp="09 Jun 2019 16:34:57 GMT" time="0.007" errors="0">
  <testcase name="failedTc" time="0.007" classname="testNG.HardAssert"/>
</testsuite> <!-- testNG.HardAssert -->
