<?xml version="1.0" encoding="UTF-8"?>
<!-- Generated by org.testng.reporters.JUnitReportReporter -->
<testsuite skipped="0" hostname="WKWIN6900800" name="com.crossbrowser.IE" tests="1" failures="0" timestamp="11 Jun 2019 09:27:07 GMT" time="38.725" errors="0">
  <testcase name="testIE" time="38.725" classname="com.crossbrowser.IE"/>
</testsuite> <!-- com.crossbrowser.IE -->
