<?xml version="1.0" encoding="UTF-8"?>
<!-- Generated by org.testng.reporters.JUnitReportReporter -->
<testsuite skipped="0" hostname="WKWIN6900800" name="Dependency" tests="3" failures="0" timestamp="10 Jun 2019 16:29:25 GMT" time="25.992" errors="0">
  <testcase name="startApp" time="5.261" classname="Dependency"/>
  <testcase name="loginApp" time="17.597" classname="Dependency"/>
  <testcase name="logoutApp" time="3.134" classname="Dependency"/>
</testsuite> <!-- Dependency -->
