<?xml version="1.0" encoding="UTF-8"?>
<!-- Generated by org.testng.reporters.JUnitReportReporter -->
<testsuite skipped="0" hostname="WKWIN6900800" name="MytestcaseListner" tests="1" failures="0" timestamp="09 Jun 2019 15:52:49 GMT" time="5.120" errors="0">
  <testcase name="testNGListner" time="5.120" classname="MytestcaseListner"/>
</testsuite> <!-- MytestcaseListner -->
