<?xml version="1.0" encoding="UTF-8"?>
<!-- Generated by org.testng.reporters.JUnitReportReporter -->
<testsuite skipped="0" hostname="WKWIN6900800" name="com.online.banking.testcases.LoginPagevalidation" tests="2" failures="0" timestamp="14 Jun 2019 10:04:33 GMT" time="39.018" errors="0">
  <testcase name="validlogin" time="24.315" classname="com.online.banking.testcases.LoginPagevalidation"/>
  <testcase name="invalidLogin" time="14.703" classname="com.online.banking.testcases.LoginPagevalidation"/>
</testsuite> <!-- com.online.banking.testcases.LoginPagevalidation -->
