<?xml version="1.0" encoding="UTF-8"?>
<!-- Generated by org.testng.reporters.JUnitReportReporter -->
<testsuite skipped="0" hostname="WKWIN6900800" name="com.online.banking.testcases.AccountHomePageValidation" tests="1" failures="0" timestamp="14 Jun 2019 10:04:33 GMT" time="29.585" errors="0">
  <testcase name="bankinghomevalidation" time="29.585" classname="com.online.banking.testcases.AccountHomePageValidation"/>
</testsuite> <!-- com.online.banking.testcases.AccountHomePageValidation -->
