<?xml version="1.0" encoding="UTF-8"?>
<!-- Generated by org.testng.reporters.JUnitReportReporter -->
<testsuite skipped="0" hostname="WKWIN6900800" name="com.online.banking.testcases.InValidLoginValidation" tests="1" failures="0" timestamp="14 Jun 2019 09:41:55 GMT" time="12.715" errors="0">
  <testcase name="invalidLogin" time="12.715" classname="com.online.banking.testcases.InValidLoginValidation"/>
</testsuite> <!-- com.online.banking.testcases.InValidLoginValidation -->
