<?xml version="1.0" encoding="UTF-8"?>
<!-- Generated by org.testng.reporters.JUnitReportReporter -->
<testsuite skipped="0" hostname="WKWIN6900800" name="Selenium.PageScroll" tests="1" failures="0" timestamp="23 Apr 2019 10:35:28 GMT" time="22.438" errors="0">
  <testcase name="scroll" time="22.438" classname="Selenium.PageScroll"/>
</testsuite> <!-- Selenium.PageScroll -->
