<?xml version="1.0" encoding="UTF-8"?>
<!-- Generated by org.testng.reporters.JUnitReportReporter -->
<testsuite skipped="0" hostname="WKWIN6900800" name="Selenium.Scrollintoview" tests="1" failures="0" timestamp="12 Sep 2018 10:53:31 GMT" time="41.956" errors="0">
  <testcase name="Scrolltoview" time="41.956" classname="Selenium.Scrollintoview"/>
</testsuite> <!-- Selenium.Scrollintoview -->
