<?xml version="1.0" encoding="UTF-8"?>
<!-- Generated by org.testng.reporters.JUnitReportReporter -->
<testsuite skipped="0" hostname="WKWIN6900800" name="Selenium.TestNg_paramter_xml" tests="1" failures="0" timestamp="14 May 2019 07:26:22 GMT" time="113.194" errors="0">
  <testcase name="logintoapplication" time="113.194" classname="Selenium.TestNg_paramter_xml"/>
</testsuite> <!-- Selenium.TestNg_paramter_xml -->
