<?xml version="1.0" encoding="UTF-8"?>
<!-- Generated by org.testng.reporters.JUnitReportReporter -->
<testsuite skipped="0" hostname="WKWIN7082653" name="Selenium.Dropdown_FB" tests="1" failures="0" timestamp="29 Jun 2019 16:45:53 GMT" time="17.591" errors="0">
  <testcase name="dropdown" time="17.591" classname="Selenium.Dropdown_FB"/>
</testsuite> <!-- Selenium.Dropdown_FB -->
