<?xml version="1.0" encoding="UTF-8"?>
<!-- Generated by org.testng.reporters.JUnitReportReporter -->
<testsuite skipped="0" hostname="WKWIN6900800" name="Selenium.Dropdown_FB" tests="1" failures="0" timestamp="20 Apr 2019 07:40:14 GMT" time="20.790" errors="0">
  <testcase name="dropdown" time="20.790" classname="Selenium.Dropdown_FB"/>
</testsuite> <!-- Selenium.Dropdown_FB -->
