<?xml version="1.0" encoding="UTF-8"?>
<!-- Generated by org.testng.reporters.JUnitReportReporter -->
<testsuite skipped="0" hostname="WKWIN6900800" name="com.newtours.helper.Configurations" tests="1" failures="0" timestamp="12 Jun 2019 10:16:19 GMT" time="6.286" errors="0">
  <testcase name="Login" time="6.286" classname="com.newtours.helper.Configurations"/>
</testsuite> <!-- com.newtours.helper.Configurations -->
