<?xml version="1.0" encoding="UTF-8"?>
<!-- Generated by org.testng.reporters.JUnitReportReporter -->
<testsuite skipped="0" hostname="WKWIN6900800" name="com.newtours.testcases.LogintoApplication" tests="1" failures="0" timestamp="14 Jun 2019 09:06:00 GMT" time="9.244" errors="0">
  <testcase name="Login" time="9.244" classname="com.newtours.testcases.LogintoApplication"/>
</testsuite> <!-- com.newtours.testcases.LogintoApplication -->
