<?xml version="1.0" encoding="UTF-8"?>
<!-- Generated by org.testng.reporters.JUnitReportReporter -->
<testsuite skipped="0" hostname="WKWIN6900800" name="com.newtours.testcases.LogintoApplication" tests="1" failures="0" timestamp="12 Jun 2019 10:23:43 GMT" time="7.413" errors="0">
  <testcase name="Login" time="7.413" classname="com.newtours.testcases.LogintoApplication"/>
</testsuite> <!-- com.newtours.testcases.LogintoApplication -->
