<?xml version="1.0" encoding="UTF-8"?>
<!-- Generated by org.testng.reporters.JUnitReportReporter -->
<testsuite skipped="0" hostname="WKWIN6900800" name="com.online.banking.testcases.InValidLoginValidation" tests="1" failures="0" timestamp="13 Jun 2019 10:14:11 GMT" time="11.398" errors="0">
  <testcase name="invalidLogin" time="11.398" classname="com.online.banking.testcases.InValidLoginValidation"/>
</testsuite> <!-- com.online.banking.testcases.InValidLoginValidation -->
