<?xml version="1.0" encoding="UTF-8"?>
<!-- Generated by org.testng.reporters.JUnitReportReporter -->
<testsuite skipped="0" hostname="WKWIN7082653" name="Homepage" tests="1" failures="0" timestamp="21 Jun 2019 16:05:57 GMT" time="14.712" errors="0">
  <testcase name="username_andPassword" time="14.712" classname="Homepage"/>
</testsuite> <!-- Homepage -->
