<?xml version="1.0" encoding="UTF-8"?>
<!-- Generated by org.testng.reporters.JUnitReportReporter -->
<testsuite skipped="0" hostname="WKWIN6900800" name="com.flight.testcases.Loginwithvalidusernameandpasswoed" tests="1" failures="0" timestamp="06 Jun 2019 04:59:37 GMT" time="95.294" errors="0">
  <testcase name="login" time="95.294" classname="com.flight.testcases.Loginwithvalidusernameandpasswoed"/>
</testsuite> <!-- com.flight.testcases.Loginwithvalidusernameandpasswoed -->
