<?xml version="1.0" encoding="UTF-8"?>
<!-- Generated by org.testng.reporters.JUnitReportReporter -->
<testsuite skipped="0" hostname="WKWIN6900800" name="qurate.selenium.VerifyPageTitle" tests="1" failures="0" timestamp="10 Jun 2019 10:39:48 GMT" time="4.655" errors="0">
  <testcase name="pagetitle" time="4.655" classname="qurate.selenium.VerifyPageTitle"/>
</testsuite> <!-- qurate.selenium.VerifyPageTitle -->
