<?xml version="1.0" encoding="UTF-8"?>
<!-- Generated by org.testng.reporters.JUnitReportReporter -->
<testsuite hostname="WKWIN7082653" failures="0" tests="2" name="com.banking.testcases.LoginPagevalidation" time="36.950" errors="0" timestamp="23 Jun 2019 12:36:32 GMT" skipped="0">
  <testcase classname="com.banking.testcases.LoginPagevalidation" name="validlogin" time="24.790"/>
  <testcase classname="com.banking.testcases.LoginPagevalidation" name="invalidLogin" time="12.160"/>
</testsuite> <!-- com.banking.testcases.LoginPagevalidation -->
